/home/ubuntu/node_modules/mysql/lib/protocol/Parser.js:80
        throw err; // Rethrow non-MySQL errors
        ^

Error: ER_BAD_NULL_ERROR: Column 'Total_Spaces_Avail' cannot be null
    at Query.Sequence._packetToError (/home/ubuntu/node_modules/mysql/lib/protocol/sequences/Sequence.js:47:14)
    at Query.ErrorPacket (/home/ubuntu/node_modules/mysql/lib/protocol/sequences/Query.js:77:18)
    at Protocol._parsePacket (/home/ubuntu/node_modules/mysql/lib/protocol/Protocol.js:278:23)
    at Parser.write (/home/ubuntu/node_modules/mysql/lib/protocol/Parser.js:76:12)
    at Protocol.write (/home/ubuntu/node_modules/mysql/lib/protocol/Protocol.js:38:16)
    at Socket.<anonymous> (/home/ubuntu/node_modules/mysql/lib/Connection.js:91:28)
    at Socket.<anonymous> (/home/ubuntu/node_modules/mysql/lib/Connection.js:502:10)
    at Socket.emit (events.js:197:13)
    at addChunk (_stream_readable.js:288:12)
    at readableAddChunk (_stream_readable.js:269:11)
    --------------------
    at Protocol._enqueue (/home/ubuntu/node_modules/mysql/lib/protocol/Protocol.js:144:48)
    at Connection.query (/home/ubuntu/node_modules/mysql/lib/Connection.js:200:25)
    at app.post (/home/ubuntu/cuHackit-19parking/index.js:39:6)
    at Layer.handle [as handle_request] (/home/ubuntu/node_modules/express/lib/router/layer.js:95:5)
    at next (/home/ubuntu/node_modules/express/lib/router/route.js:137:13)
    at Route.dispatch (/home/ubuntu/node_modules/express/lib/router/route.js:112:3)
    at Layer.handle [as handle_request] (/home/ubuntu/node_modules/express/lib/router/layer.js:95:5)
    at /home/ubuntu/node_modules/express/lib/router/index.js:281:22
    at Function.process_params (/home/ubuntu/node_modules/express/lib/router/index.js:335:12)
    at next (/home/ubuntu/node_modules/express/lib/router/index.js:275:10)
/home/ubuntu/node_modules/mysql/lib/protocol/Parser.js:80
        throw err; // Rethrow non-MySQL errors
        ^

Error: ER_BAD_NULL_ERROR: Column 'Total_Spaces_Avail' cannot be null
    at Query.Sequence._packetToError (/home/ubuntu/node_modules/mysql/lib/protocol/sequences/Sequence.js:47:14)
    at Query.ErrorPacket (/home/ubuntu/node_modules/mysql/lib/protocol/sequences/Query.js:77:18)
    at Protocol._parsePacket (/home/ubuntu/node_modules/mysql/lib/protocol/Protocol.js:278:23)
    at Parser.write (/home/ubuntu/node_modules/mysql/lib/protocol/Parser.js:76:12)
    at Protocol.write (/home/ubuntu/node_modules/mysql/lib/protocol/Protocol.js:38:16)
    at Socket.<anonymous> (/home/ubuntu/node_modules/mysql/lib/Connection.js:91:28)
    at Socket.<anonymous> (/home/ubuntu/node_modules/mysql/lib/Connection.js:502:10)
    at Socket.emit (events.js:197:13)
    at addChunk (_stream_readable.js:288:12)
    at readableAddChunk (_stream_readable.js:269:11)
    --------------------
    at Protocol._enqueue (/home/ubuntu/node_modules/mysql/lib/protocol/Protocol.js:144:48)
    at Connection.query (/home/ubuntu/node_modules/mysql/lib/Connection.js:200:25)
    at app.post (/home/ubuntu/cuHackit-19parking/index.js:39:6)
    at Layer.handle [as handle_request] (/home/ubuntu/node_modules/express/lib/router/layer.js:95:5)
    at next (/home/ubuntu/node_modules/express/lib/router/route.js:137:13)
    at Route.dispatch (/home/ubuntu/node_modules/express/lib/router/route.js:112:3)
    at Layer.handle [as handle_request] (/home/ubuntu/node_modules/express/lib/router/layer.js:95:5)
    at /home/ubuntu/node_modules/express/lib/router/index.js:281:22
    at Function.process_params (/home/ubuntu/node_modules/express/lib/router/index.js:335:12)
    at next (/home/ubuntu/node_modules/express/lib/router/index.js:275:10)
/home/ubuntu/node_modules/mysql/lib/protocol/Parser.js:80
        throw err; // Rethrow non-MySQL errors
        ^

Error: ER_BAD_NULL_ERROR: Column 'Total_Spaces_Avail' cannot be null
    at Query.Sequence._packetToError (/home/ubuntu/node_modules/mysql/lib/protocol/sequences/Sequence.js:47:14)
    at Query.ErrorPacket (/home/ubuntu/node_modules/mysql/lib/protocol/sequences/Query.js:77:18)
    at Protocol._parsePacket (/home/ubuntu/node_modules/mysql/lib/protocol/Protocol.js:278:23)
    at Parser.write (/home/ubuntu/node_modules/mysql/lib/protocol/Parser.js:76:12)
    at Protocol.write (/home/ubuntu/node_modules/mysql/lib/protocol/Protocol.js:38:16)
    at Socket.<anonymous> (/home/ubuntu/node_modules/mysql/lib/Connection.js:91:28)
    at Socket.<anonymous> (/home/ubuntu/node_modules/mysql/lib/Connection.js:502:10)
    at Socket.emit (events.js:197:13)
    at addChunk (_stream_readable.js:288:12)
    at readableAddChunk (_stream_readable.js:269:11)
    --------------------
    at Protocol._enqueue (/home/ubuntu/node_modules/mysql/lib/protocol/Protocol.js:144:48)
    at Connection.query (/home/ubuntu/node_modules/mysql/lib/Connection.js:200:25)
    at app.post (/home/ubuntu/cuHackit-19parking/index.js:39:6)
    at Layer.handle [as handle_request] (/home/ubuntu/node_modules/express/lib/router/layer.js:95:5)
    at next (/home/ubuntu/node_modules/express/lib/router/route.js:137:13)
    at Route.dispatch (/home/ubuntu/node_modules/express/lib/router/route.js:112:3)
    at Layer.handle [as handle_request] (/home/ubuntu/node_modules/express/lib/router/layer.js:95:5)
    at /home/ubuntu/node_modules/express/lib/router/index.js:281:22
    at Function.process_params (/home/ubuntu/node_modules/express/lib/router/index.js:335:12)
    at next (/home/ubuntu/node_modules/express/lib/router/index.js:275:10)
/home/ubuntu/node_modules/mysql/lib/protocol/Parser.js:80
        throw err; // Rethrow non-MySQL errors
        ^

Error: ER_BAD_NULL_ERROR: Column 'Total_Spaces_Avail' cannot be null
    at Query.Sequence._packetToError (/home/ubuntu/node_modules/mysql/lib/protocol/sequences/Sequence.js:47:14)
    at Query.ErrorPacket (/home/ubuntu/node_modules/mysql/lib/protocol/sequences/Query.js:77:18)
    at Protocol._parsePacket (/home/ubuntu/node_modules/mysql/lib/protocol/Protocol.js:278:23)
    at Parser.write (/home/ubuntu/node_modules/mysql/lib/protocol/Parser.js:76:12)
    at Protocol.write (/home/ubuntu/node_modules/mysql/lib/protocol/Protocol.js:38:16)
    at Socket.<anonymous> (/home/ubuntu/node_modules/mysql/lib/Connection.js:91:28)
    at Socket.<anonymous> (/home/ubuntu/node_modules/mysql/lib/Connection.js:502:10)
    at Socket.emit (events.js:197:13)
    at addChunk (_stream_readable.js:288:12)
    at readableAddChunk (_stream_readable.js:269:11)
    --------------------
    at Protocol._enqueue (/home/ubuntu/node_modules/mysql/lib/protocol/Protocol.js:144:48)
    at Connection.query (/home/ubuntu/node_modules/mysql/lib/Connection.js:200:25)
    at app.post (/home/ubuntu/cuHackit-19parking/index.js:39:6)
    at Layer.handle [as handle_request] (/home/ubuntu/node_modules/express/lib/router/layer.js:95:5)
    at next (/home/ubuntu/node_modules/express/lib/router/route.js:137:13)
    at Route.dispatch (/home/ubuntu/node_modules/express/lib/router/route.js:112:3)
    at Layer.handle [as handle_request] (/home/ubuntu/node_modules/express/lib/router/layer.js:95:5)
    at /home/ubuntu/node_modules/express/lib/router/index.js:281:22
    at Function.process_params (/home/ubuntu/node_modules/express/lib/router/index.js:335:12)
    at next (/home/ubuntu/node_modules/express/lib/router/index.js:275:10)
/home/ubuntu/node_modules/mysql/lib/protocol/Parser.js:80
        throw err; // Rethrow non-MySQL errors
        ^

Error: ER_BAD_NULL_ERROR: Column 'Total_Spaces_Avail' cannot be null
    at Query.Sequence._packetToError (/home/ubuntu/node_modules/mysql/lib/protocol/sequences/Sequence.js:47:14)
    at Query.ErrorPacket (/home/ubuntu/node_modules/mysql/lib/protocol/sequences/Query.js:77:18)
    at Protocol._parsePacket (/home/ubuntu/node_modules/mysql/lib/protocol/Protocol.js:278:23)
    at Parser.write (/home/ubuntu/node_modules/mysql/lib/protocol/Parser.js:76:12)
    at Protocol.write (/home/ubuntu/node_modules/mysql/lib/protocol/Protocol.js:38:16)
    at Socket.<anonymous> (/home/ubuntu/node_modules/mysql/lib/Connection.js:91:28)
    at Socket.<anonymous> (/home/ubuntu/node_modules/mysql/lib/Connection.js:502:10)
    at Socket.emit (events.js:197:13)
    at addChunk (_stream_readable.js:288:12)
    at readableAddChunk (_stream_readable.js:269:11)
    --------------------
    at Protocol._enqueue (/home/ubuntu/node_modules/mysql/lib/protocol/Protocol.js:144:48)
    at Connection.query (/home/ubuntu/node_modules/mysql/lib/Connection.js:200:25)
    at app.post (/home/ubuntu/cuHackit-19parking/index.js:39:6)
    at Layer.handle [as handle_request] (/home/ubuntu/node_modules/express/lib/router/layer.js:95:5)
    at next (/home/ubuntu/node_modules/express/lib/router/route.js:137:13)
    at Route.dispatch (/home/ubuntu/node_modules/express/lib/router/route.js:112:3)
    at Layer.handle [as handle_request] (/home/ubuntu/node_modules/express/lib/router/layer.js:95:5)
    at /home/ubuntu/node_modules/express/lib/router/index.js:281:22
    at Function.process_params (/home/ubuntu/node_modules/express/lib/router/index.js:335:12)
    at next (/home/ubuntu/node_modules/express/lib/router/index.js:275:10)
/home/ubuntu/node_modules/mysql/lib/protocol/Parser.js:80
        throw err; // Rethrow non-MySQL errors
        ^

Error: ER_BAD_NULL_ERROR: Column 'Total_Spaces_Avail' cannot be null
    at Query.Sequence._packetToError (/home/ubuntu/node_modules/mysql/lib/protocol/sequences/Sequence.js:47:14)
    at Query.ErrorPacket (/home/ubuntu/node_modules/mysql/lib/protocol/sequences/Query.js:77:18)
    at Protocol._parsePacket (/home/ubuntu/node_modules/mysql/lib/protocol/Protocol.js:278:23)
    at Parser.write (/home/ubuntu/node_modules/mysql/lib/protocol/Parser.js:76:12)
    at Protocol.write (/home/ubuntu/node_modules/mysql/lib/protocol/Protocol.js:38:16)
    at Socket.<anonymous> (/home/ubuntu/node_modules/mysql/lib/Connection.js:91:28)
    at Socket.<anonymous> (/home/ubuntu/node_modules/mysql/lib/Connection.js:502:10)
    at Socket.emit (events.js:197:13)
    at addChunk (_stream_readable.js:288:12)
    at readableAddChunk (_stream_readable.js:269:11)
    --------------------
    at Protocol._enqueue (/home/ubuntu/node_modules/mysql/lib/protocol/Protocol.js:144:48)
    at Connection.query (/home/ubuntu/node_modules/mysql/lib/Connection.js:200:25)
    at app.post (/home/ubuntu/cuHackit-19parking/index.js:39:6)
    at Layer.handle [as handle_request] (/home/ubuntu/node_modules/express/lib/router/layer.js:95:5)
    at next (/home/ubuntu/node_modules/express/lib/router/route.js:137:13)
    at Route.dispatch (/home/ubuntu/node_modules/express/lib/router/route.js:112:3)
    at Layer.handle [as handle_request] (/home/ubuntu/node_modules/express/lib/router/layer.js:95:5)
    at /home/ubuntu/node_modules/express/lib/router/index.js:281:22
    at Function.process_params (/home/ubuntu/node_modules/express/lib/router/index.js:335:12)
    at next (/home/ubuntu/node_modules/express/lib/router/index.js:275:10)
/home/ubuntu/node_modules/mysql/lib/protocol/Parser.js:80
        throw err; // Rethrow non-MySQL errors
        ^

TypeError: Cannot read property 'TotalSpaces' of undefined
    at Query.<anonymous> (/home/ubuntu/cuHackit-19parking/index.js:45:67)
    at Query.<anonymous> (/home/ubuntu/node_modules/mysql/lib/Connection.js:502:10)
    at Query._callback (/home/ubuntu/node_modules/mysql/lib/Connection.js:468:16)
    at Query.Sequence.end (/home/ubuntu/node_modules/mysql/lib/protocol/sequences/Sequence.js:83:24)
    at Query._handleFinalResultPacket (/home/ubuntu/node_modules/mysql/lib/protocol/sequences/Query.js:139:8)
    at Query.OkPacket (/home/ubuntu/node_modules/mysql/lib/protocol/sequences/Query.js:72:10)
    at Protocol._parsePacket (/home/ubuntu/node_modules/mysql/lib/protocol/Protocol.js:278:23)
    at Parser.write (/home/ubuntu/node_modules/mysql/lib/protocol/Parser.js:76:12)
    at Protocol.write (/home/ubuntu/node_modules/mysql/lib/protocol/Protocol.js:38:16)
    at Socket.<anonymous> (/home/ubuntu/node_modules/mysql/lib/Connection.js:91:28)
/home/ubuntu/node_modules/mysql/lib/protocol/Parser.js:80
        throw err; // Rethrow non-MySQL errors
        ^

TypeError: Cannot read property 'TotalSpaces' of undefined
    at Query.<anonymous> (/home/ubuntu/cuHackit-19parking/index.js:45:67)
    at Query.<anonymous> (/home/ubuntu/node_modules/mysql/lib/Connection.js:502:10)
    at Query._callback (/home/ubuntu/node_modules/mysql/lib/Connection.js:468:16)
    at Query.Sequence.end (/home/ubuntu/node_modules/mysql/lib/protocol/sequences/Sequence.js:83:24)
    at Query._handleFinalResultPacket (/home/ubuntu/node_modules/mysql/lib/protocol/sequences/Query.js:139:8)
    at Query.OkPacket (/home/ubuntu/node_modules/mysql/lib/protocol/sequences/Query.js:72:10)
    at Protocol._parsePacket (/home/ubuntu/node_modules/mysql/lib/protocol/Protocol.js:278:23)
    at Parser.write (/home/ubuntu/node_modules/mysql/lib/protocol/Parser.js:76:12)
    at Protocol.write (/home/ubuntu/node_modules/mysql/lib/protocol/Protocol.js:38:16)
    at Socket.<anonymous> (/home/ubuntu/node_modules/mysql/lib/Connection.js:91:28)
/home/ubuntu/node_modules/mysql/lib/protocol/Parser.js:80
        throw err; // Rethrow non-MySQL errors
        ^

Error: ER_BAD_NULL_ERROR: Column 'Total_Spaces_Avail' cannot be null
    at Query.Sequence._packetToError (/home/ubuntu/node_modules/mysql/lib/protocol/sequences/Sequence.js:47:14)
    at Query.ErrorPacket (/home/ubuntu/node_modules/mysql/lib/protocol/sequences/Query.js:77:18)
    at Protocol._parsePacket (/home/ubuntu/node_modules/mysql/lib/protocol/Protocol.js:278:23)
    at Parser.write (/home/ubuntu/node_modules/mysql/lib/protocol/Parser.js:76:12)
    at Protocol.write (/home/ubuntu/node_modules/mysql/lib/protocol/Protocol.js:38:16)
    at Socket.<anonymous> (/home/ubuntu/node_modules/mysql/lib/Connection.js:91:28)
    at Socket.<anonymous> (/home/ubuntu/node_modules/mysql/lib/Connection.js:502:10)
    at Socket.emit (events.js:197:13)
    at addChunk (_stream_readable.js:288:12)
    at readableAddChunk (_stream_readable.js:269:11)
    --------------------
    at Protocol._enqueue (/home/ubuntu/node_modules/mysql/lib/protocol/Protocol.js:144:48)
    at Connection.query (/home/ubuntu/node_modules/mysql/lib/Connection.js:200:25)
    at app.post (/home/ubuntu/cuHackit-19parking/index.js:39:6)
    at Layer.handle [as handle_request] (/home/ubuntu/node_modules/express/lib/router/layer.js:95:5)
    at next (/home/ubuntu/node_modules/express/lib/router/route.js:137:13)
    at Route.dispatch (/home/ubuntu/node_modules/express/lib/router/route.js:112:3)
    at Layer.handle [as handle_request] (/home/ubuntu/node_modules/express/lib/router/layer.js:95:5)
    at /home/ubuntu/node_modules/express/lib/router/index.js:281:22
    at Function.process_params (/home/ubuntu/node_modules/express/lib/router/index.js:335:12)
    at next (/home/ubuntu/node_modules/express/lib/router/index.js:275:10)
/home/ubuntu/node_modules/mysql/lib/protocol/Parser.js:80
        throw err; // Rethrow non-MySQL errors
        ^

Error: ER_BAD_NULL_ERROR: Column 'Total_Spaces_Avail' cannot be null
    at Query.Sequence._packetToError (/home/ubuntu/node_modules/mysql/lib/protocol/sequences/Sequence.js:47:14)
    at Query.ErrorPacket (/home/ubuntu/node_modules/mysql/lib/protocol/sequences/Query.js:77:18)
    at Protocol._parsePacket (/home/ubuntu/node_modules/mysql/lib/protocol/Protocol.js:278:23)
    at Parser.write (/home/ubuntu/node_modules/mysql/lib/protocol/Parser.js:76:12)
    at Protocol.write (/home/ubuntu/node_modules/mysql/lib/protocol/Protocol.js:38:16)
    at Socket.<anonymous> (/home/ubuntu/node_modules/mysql/lib/Connection.js:91:28)
    at Socket.<anonymous> (/home/ubuntu/node_modules/mysql/lib/Connection.js:502:10)
    at Socket.emit (events.js:197:13)
    at addChunk (_stream_readable.js:288:12)
    at readableAddChunk (_stream_readable.js:269:11)
    --------------------
    at Protocol._enqueue (/home/ubuntu/node_modules/mysql/lib/protocol/Protocol.js:144:48)
    at Connection.query (/home/ubuntu/node_modules/mysql/lib/Connection.js:200:25)
    at app.post (/home/ubuntu/cuHackit-19parking/index.js:39:6)
    at Layer.handle [as handle_request] (/home/ubuntu/node_modules/express/lib/router/layer.js:95:5)
    at next (/home/ubuntu/node_modules/express/lib/router/route.js:137:13)
    at Route.dispatch (/home/ubuntu/node_modules/express/lib/router/route.js:112:3)
    at Layer.handle [as handle_request] (/home/ubuntu/node_modules/express/lib/router/layer.js:95:5)
    at /home/ubuntu/node_modules/express/lib/router/index.js:281:22
    at Function.process_params (/home/ubuntu/node_modules/express/lib/router/index.js:335:12)
    at next (/home/ubuntu/node_modules/express/lib/router/index.js:275:10)
